<?xml version="1.0" encoding="UTF-8"?>
<!-- Generated by org.testng.reporters.JUnitReportReporter -->
<testsuite skipped="0" hostname="DESKTOP-5F4ADI6" name="GroupID.checkTitle" tests="1" failures="0" timestamp="20 Jan 2019 15:45:43 GMT" time="0.049" errors="0">
  <testcase name="checkTitle" time="0.049" classname="GroupID.checkTitle"/>
</testsuite> <!-- GroupID.checkTitle -->
