<?xml version="1.0" encoding="UTF-8"?>
<!-- Generated by org.testng.reporters.JUnitReportReporter -->
<testsuite skipped="0" hostname="DESKTOP-5F4ADI6" name="GroupID.CheckAllLinks" tests="1" failures="0" timestamp="20 Jan 2019 15:45:43 GMT" time="11.536" errors="0">
  <testcase name="CheckAllLinks" time="11.536" classname="GroupID.CheckAllLinks"/>
</testsuite> <!-- GroupID.CheckAllLinks -->
